[debug] [2024-01-28T10:50:59.798Z] ----------------------------------------------------------------------
[debug] [2024-01-28T10:50:59.800Z] Command:       /opt/homebrew/Cellar/node/21.6.0/bin/node /Users/zainulabideen/.npm-global/bin/firebase init
[debug] [2024-01-28T10:50:59.800Z] CLI Version:   13.1.0
[debug] [2024-01-28T10:50:59.800Z] Platform:      darwin
[debug] [2024-01-28T10:50:59.800Z] Node Version:  v21.6.0
[debug] [2024-01-28T10:50:59.801Z] Time:          Sun Jan 28 2024 14:50:59 GMT+0400 (GMT+04:00)
[debug] [2024-01-28T10:50:59.801Z] ----------------------------------------------------------------------
[debug] 
[debug] [2024-01-28T10:50:59.802Z] >>> [apiv2][query] GET https://firebase-public.firebaseio.com/cli.json [none]
[debug] [2024-01-28T10:50:59.819Z] > command requires scopes: ["email","openid","https://www.googleapis.com/auth/cloudplatformprojects.readonly","https://www.googleapis.com/auth/firebase","https://www.googleapis.com/auth/cloud-platform"]
[debug] [2024-01-28T10:50:59.819Z] > authorizing via signed-in user (zangbang360@gmail.com)
[info] 
     ######## #### ########  ######## ########     ###     ######  ########
     ##        ##  ##     ## ##       ##     ##  ##   ##  ##       ##
     ######    ##  ########  ######   ########  #########  ######  ######
     ##        ##  ##    ##  ##       ##     ## ##     ##       ## ##
     ##       #### ##     ## ######## ########  ##     ##  ######  ########

You're about to initialize a Firebase project in this directory:

  /Users/zainulabideen/Downloads/_Software Journey/Firebase/my-firebase

[debug] [2024-01-28T10:51:00.430Z] <<< [apiv2][status] GET https://firebase-public.firebaseio.com/cli.json 200
[debug] [2024-01-28T10:51:00.431Z] <<< [apiv2][body] GET https://firebase-public.firebaseio.com/cli.json {"cloudBuildErrorAfter":1594252800000,"cloudBuildWarnAfter":1590019200000,"defaultNode10After":1594252800000,"minVersion":"3.0.5","node8DeploysDisabledAfter":1613390400000,"node8RuntimeDisabledAfter":1615809600000,"node8WarnAfter":1600128000000}
[info] 
=== Project Setup
[info] 
[info] First, let's associate this project directory with a Firebase project.
[info] You can create multiple project aliases by running firebase use --add, 
[info] but for now we'll just set up a default project.
[info] 
[debug] [2024-01-28T10:54:04.511Z] > refreshing access token with scopes: []
[debug] [2024-01-28T10:54:04.514Z] >>> [apiv2][query] POST https://www.googleapis.com/oauth2/v3/token [none]
[debug] [2024-01-28T10:54:04.514Z] >>> [apiv2][body] POST https://www.googleapis.com/oauth2/v3/token [omitted]
[debug] [2024-01-28T10:54:04.860Z] <<< [apiv2][status] POST https://www.googleapis.com/oauth2/v3/token 200
[debug] [2024-01-28T10:54:04.860Z] <<< [apiv2][body] POST https://www.googleapis.com/oauth2/v3/token [omitted]
[debug] [2024-01-28T10:54:04.877Z] >>> [apiv2][query] GET https://firebase.googleapis.com/v1beta1/projects pageSize=100
[debug] [2024-01-28T10:54:05.586Z] <<< [apiv2][status] GET https://firebase.googleapis.com/v1beta1/projects 200
[debug] [2024-01-28T10:54:05.586Z] <<< [apiv2][body] GET https://firebase.googleapis.com/v1beta1/projects [omitted]
[info] i  Using project phishing-eecb5 (firebase-course) 
[info] 
=== Hosting Setup
[debug] [2024-01-28T10:54:40.175Z] >>> [apiv2][query] GET https://firebase.googleapis.com/v1beta1/projects/phishing-eecb5 [none]
[debug] [2024-01-28T10:54:40.633Z] <<< [apiv2][status] GET https://firebase.googleapis.com/v1beta1/projects/phishing-eecb5 200
[debug] [2024-01-28T10:54:40.633Z] <<< [apiv2][body] GET https://firebase.googleapis.com/v1beta1/projects/phishing-eecb5 {"projectId":"phishing-eecb5","projectNumber":"828897406295","displayName":"firebase-course","name":"projects/phishing-eecb5","resources":{"hostingSite":"phishing-eecb5","realtimeDatabaseInstance":"phishing-eecb5-default-rtdb","storageBucket":"phishing-eecb5.appspot.com","locationId":"us-central"},"state":"ACTIVE","etag":"1_b4c41408-2787-4dc6-b314-3fd9d0bfff0c"}
[info] 
[info] Your public directory is the folder (relative to your project directory) that
[info] will contain Hosting assets to be uploaded with firebase deploy. If you
[info] have a build process for your assets, use your build's output directory.
[info] 
[info] ✔  Wrote public/404.html 
[debug] [2024-01-28T10:55:41.648Z] >>> [apiv2][query] GET https://www.gstatic.com/firebasejs/releases.json [none]
[debug] [2024-01-28T10:55:41.948Z] <<< [apiv2][status] GET https://www.gstatic.com/firebasejs/releases.json 200
[debug] [2024-01-28T10:55:41.949Z] <<< [apiv2][body] GET https://www.gstatic.com/firebasejs/releases.json {"current":{"version":"10.7.2","browserURL":"https://www.gstatic.com/firebasejs/10.7.2/firebase.js","packageURL":"https://www.gstatic.com/firebasejs/10.7.2/firebase.tgz"},"live":{"version":"10.7","browserURL":"https://www.gstatic.com/firebasejs/live/10.7/firebase.js","packageURL":"https://www.gstatic.com/firebasejs/live/10.7/firebase.tgz"},"components":{"analytics":"https://www.gstatic.com/firebasejs/10.7.2/firebase-analytics.js","app":"https://www.gstatic.com/firebasejs/10.7.2/firebase-app.js","app-check":"https://www.gstatic.com/firebasejs/10.7.2/firebase-app-check.js","auth":"https://www.gstatic.com/firebasejs/10.7.2/firebase-auth.js","auth/cordova":"https://www.gstatic.com/firebasejs/10.7.2/firebase-auth/cordova.js","functions":"https://www.gstatic.com/firebasejs/10.7.2/firebase-functions.js","firestore":"https://www.gstatic.com/firebasejs/10.7.2/firebase-firestore.js","firestore/lite":"https://www.gstatic.com/firebasejs/10.7.2/firebase-firestore/lite.js","installations":"https://www.gstatic.com/firebasejs/10.7.2/firebase-installations.js","storage":"https://www.gstatic.com/firebasejs/10.7.2/firebase-storage.js","performance":"https://www.gstatic.com/firebasejs/10.7.2/firebase-performance.js","remote-config":"https://www.gstatic.com/firebasejs/10.7.2/firebase-remote-config.js","messaging":"https://www.gstatic.com/firebasejs/10.7.2/firebase-messaging.js","messaging/sw":"https://www.gstatic.com/firebasejs/10.7.2/firebase-messaging/sw.js","database":"https://www.gstatic.com/firebasejs/10.7.2/firebase-database.js","firestore.memory":"https://www.gstatic.com/firebasejs/10.7.2/firebase-firestore.memory.js"}}
[info] i  Skipping write of public/index.html 
[info] 
[info] i  Detected a .git folder at /Users/zainulabideen/Downloads/_Software Journey/Firebase/my-firebase 
[info] i  Authorizing with GitHub to upload your service account to a GitHub repository's secrets store. 
[info] 
[info] Visit this URL on this device to log in:
[info] https://github.com/login/oauth/authorize?client_id=89cf50f02ac6aaed3484&state=86422422&redirect_uri=http%3A%2F%2Flocalhost%3A9005&scope=read%3Auser%20repo%20public_repo
[info] 
[info] Waiting for authentication...
[debug] [2024-01-28T10:55:51.764Z] >>> [apiv2][query] POST https://github.com/login/oauth/access_token [none]
[debug] [2024-01-28T10:55:51.764Z] >>> [apiv2][body] POST https://github.com/login/oauth/access_token [stream]
[debug] [2024-01-28T10:55:52.184Z] <<< [apiv2][status] POST https://github.com/login/oauth/access_token 200
[debug] [2024-01-28T10:55:52.185Z] <<< [apiv2][body] POST https://github.com/login/oauth/access_token {"access_token":"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","token_type":"bearer","scope":"read:user,repo"}
[debug] [2024-01-28T10:55:52.191Z] >>> [apiv2][query] GET https://api.github.com/user [none]
[debug] [2024-01-28T10:55:52.545Z] <<< [apiv2][status] GET https://api.github.com/user 200
[debug] [2024-01-28T10:55:52.545Z] <<< [apiv2][body] GET https://api.github.com/user {"login":"zaindgr8","id":66069515,"node_id":"MDQ6VXNlcjY2MDY5NTE1","avatar_url":"https://avatars.githubusercontent.com/u/66069515?v=4","gravatar_id":"","url":"https://api.github.com/users/zaindgr8","html_url":"https://github.com/zaindgr8","followers_url":"https://api.github.com/users/zaindgr8/followers","following_url":"https://api.github.com/users/zaindgr8/following{/other_user}","gists_url":"https://api.github.com/users/zaindgr8/gists{/gist_id}","starred_url":"https://api.github.com/users/zaindgr8/starred{/owner}{/repo}","subscriptions_url":"https://api.github.com/users/zaindgr8/subscriptions","organizations_url":"https://api.github.com/users/zaindgr8/orgs","repos_url":"https://api.github.com/users/zaindgr8/repos","events_url":"https://api.github.com/users/zaindgr8/events{/privacy}","received_events_url":"https://api.github.com/users/zaindgr8/received_events","type":"User","site_admin":false,"name":"Zain Ul Abideen Baloch","company":"We International Digital Marketing","blog":"","location":"Phase 8, Bahria Town , Rawalpindi","email":null,"hireable":null,"bio":"An Enthusiast Web Developer with moderate knowledge of Next Js, React Js, JS, Tailwind Css, Framer Motion, Three Js and Node Js/ Mongo DB.\r\nLoves to contribute!","twitter_username":"zaindgr8","public_repos":68,"public_gists":0,"followers":0,"following":4,"created_at":"2020-05-28T12:08:47Z","updated_at":"2024-01-02T13:06:14Z","private_gists":0,"total_private_repos":8,"owned_private_repos":8,"disk_usage":745680,"collaborators":0,"two_factor_authentication":false,"plan":{"name":"free","space":976562499,"collaborators":0,"private_repos":10000}}
[info] 
[info] ✔  Success! Logged into GitHub as zaindgr8 
[info] 
